<?xml version="1.0" encoding="UTF-8"?>
<testsuites>
  <testsuite name="Login" timestamp="2022-04-22T15:19:32" time="14.174" tests="1" failures="0" errors="0" skipped="0">
    <properties>
      <property name="specId" value="0"/>
      <property name="featureName" value="Login"/>
      <property name="capabilities" value="r5ct112azke.android.12"/>
      <property name="featureFile" value="./test/features/Login/BasicLoginFlow.feature"/>
    </properties>
    <testcase classname="CucumberJUnitReport-samsunggalaxys22ultra.12_0.Login" name="Scenario name user LoginScreen" time="13.08" file="./test/features/Login/BasicLoginFlow.feature">
      <system-out><![CDATA[
✅ Given dale gass✅ Given an user who is on "Welcome.homeScreen"
]]></system-out>
    </testcase>
  </testsuite>
</testsuites>